::1 - - [17/Oct/2020:12:19:08 +0000] "GET /login HTTP/1.1" - - "-" "Mozilla/5.0 (X11; Linux x86_64) AppleWebKit/537.36 (KHTML, like Gecko) Chrome/86.0.4240.75 Safari/537.36"
::1 - - [17/Oct/2020:12:19:19 +0000] "GET /login HTTP/1.1" - - "-" "Mozilla/5.0 (X11; Linux x86_64) AppleWebKit/537.36 (KHTML, like Gecko) Chrome/86.0.4240.75 Safari/537.36"
::1 - - [17/Oct/2020:12:19:22 +0000] "GET / HTTP/1.1" - - "-" "Mozilla/5.0 (X11; Linux x86_64) AppleWebKit/537.36 (KHTML, like Gecko) Chrome/86.0.4240.75 Safari/537.36"
::1 - - [17/Oct/2020:12:19:40 +0000] "GET / HTTP/1.1" - - "-" "Mozilla/5.0 (X11; Linux x86_64) AppleWebKit/537.36 (KHTML, like Gecko) Chrome/86.0.4240.75 Safari/537.36"
::1 - - [17/Oct/2020:12:20:31 +0000] "GET /bin/www HTTP/1.1" - - "-" "Mozilla/5.0 (X11; Linux x86_64) AppleWebKit/537.36 (KHTML, like Gecko) Chrome/86.0.4240.75 Safari/537.36"
::1 - - [17/Oct/2020:12:20:41 +0000] "GET /api/users HTTP/1.1" - - "-" "Mozilla/5.0 (Linux; Android 6.0; Nexus 5 Build/MRA58N) AppleWebKit/537.36 (KHTML, like Gecko) Chrome/86.0.4240.75 Mobile Safari/537.36"
::1 - - [17/Oct/2020:12:21:09 +0000] "GET /api/users HTTP/1.1" - - "-" "Mozilla/5.0 (Linux; Android 6.0; Nexus 5 Build/MRA58N) AppleWebKit/537.36 (KHTML, like Gecko) Chrome/86.0.4240.75 Mobile Safari/537.36"
::1 - - [17/Oct/2020:12:24:16 +0000] "GET /api/login HTTP/1.1" - - "-" "Mozilla/5.0 (Linux; Android 6.0; Nexus 5 Build/MRA58N) AppleWebKit/537.36 (KHTML, like Gecko) Chrome/86.0.4240.75 Mobile Safari/537.36"
::1 - - [17/Oct/2020:12:26:16 +0000] "GET /api/login HTTP/1.1" - - "-" "Mozilla/5.0 (Linux; Android 6.0; Nexus 5 Build/MRA58N) AppleWebKit/537.36 (KHTML, like Gecko) Chrome/86.0.4240.75 Mobile Safari/537.36"
::1 - - [17/Oct/2020:12:28:17 +0000] "GET /api/login HTTP/1.1" - - "-" "Mozilla/5.0 (Linux; Android 6.0; Nexus 5 Build/MRA58N) AppleWebKit/537.36 (KHTML, like Gecko) Chrome/86.0.4240.75 Mobile Safari/537.36"
::1 - - [17/Oct/2020:12:30:18 +0000] "GET /api/login HTTP/1.1" - - "-" "Mozilla/5.0 (Linux; Android 6.0; Nexus 5 Build/MRA58N) AppleWebKit/537.36 (KHTML, like Gecko) Chrome/86.0.4240.75 Mobile Safari/537.36"
::1 - - [17/Oct/2020:12:33:06 +0000] "POST /api/users/login HTTP/1.1" 400 166 "-" "PostmanRuntime/7.26.5"
::1 - - [17/Oct/2020:12:36:02 +0000] "GET /api/users HTTP/1.1" - - "-" "PostmanRuntime/7.26.5"
::1 - - [17/Oct/2020:12:42:28 +0000] "POST /api/users/login HTTP/1.1" 400 166 "-" "PostmanRuntime/7.26.5"
::1 - - [17/Oct/2020:12:43:00 +0000] "POST /api/users/login HTTP/1.1" 400 166 "-" "PostmanRuntime/7.26.5"
::1 - - [17/Oct/2020:12:44:46 +0000] "POST /api/users/login HTTP/1.1" 200 196 "-" "PostmanRuntime/7.26.5"
::1 - - [17/Oct/2020:12:48:39 +0000] "GET /api/users HTTP/1.1" - - "-" "PostmanRuntime/7.26.5"
::1 - - [17/Oct/2020:12:55:16 +0000] "PATCH /api/api/patch-object HTTP/1.1" - - "-" "PostmanRuntime/7.26.5"
::1 - - [17/Oct/2020:12:55:19 +0000] "PATCH /api/patch-object HTTP/1.1" 403 49 "-" "PostmanRuntime/7.26.5"
::1 - - [17/Oct/2020:13:00:49 +0000] "PATCH /api/patch-object HTTP/1.1" 403 49 "-" "PostmanRuntime/7.26.5"
::1 - - [17/Oct/2020:13:02:09 +0000] "POST /api/users/login HTTP/1.1" 200 196 "-" "PostmanRuntime/7.26.5"
::1 - - [17/Oct/2020:13:02:38 +0000] "PATCH /api/patch-object HTTP/1.1" 500 806 "-" "PostmanRuntime/7.26.5"
::1 - - [17/Oct/2020:13:03:07 +0000] "PATCH /api/patch-object HTTP/1.1" 401 72 "-" "PostmanRuntime/7.26.5"
::1 - - [17/Oct/2020:13:04:06 +0000] "POST /api/users/login HTTP/1.1" 200 196 "-" "PostmanRuntime/7.26.5"
::1 - - [17/Oct/2020:13:04:50 +0000] "POST /api/users/login HTTP/1.1" 200 196 "-" "PostmanRuntime/7.26.5"
::1 - - [17/Oct/2020:13:05:21 +0000] "PATCH /api/patch-object HTTP/1.1" 401 72 "-" "PostmanRuntime/7.26.5"
::1 - - [17/Oct/2020:13:10:42 +0000] "PATCH /api/patch-object HTTP/1.1" 401 72 "-" "PostmanRuntime/7.26.5"
::1 - - [17/Oct/2020:13:22:44 +0000] "PATCH /api/patch-object HTTP/1.1" 401 72 "-" "PostmanRuntime/7.26.5"
::1 - - [17/Oct/2020:13:38:32 +0000] "PATCH /api/patch-object HTTP/1.1" 401 72 "-" "PostmanRuntime/7.26.5"
::1 - - [17/Oct/2020:13:41:21 +0000] "GET /api/users HTTP/1.1" - - "-" "PostmanRuntime/7.26.5"
::1 - - [17/Oct/2020:13:41:30 +0000] "GET /api/users HTTP/1.1" - - "-" "PostmanRuntime/7.26.5"
::1 - - [17/Oct/2020:13:41:53 +0000] "PATCH /api/patch-object HTTP/1.1" 401 72 "-" "PostmanRuntime/7.26.5"
::1 - - [17/Oct/2020:13:42:21 +0000] "PATCH /api/patch-object HTTP/1.1" 401 72 "-" "PostmanRuntime/7.26.5"
::1 - - [17/Oct/2020:13:42:48 +0000] "PATCH /api/patch-object?token=%22eyJhbGciOiJIUzI1NiIsInR5cCI6IkpXVCJ9.eyJ1c2VybmFtZSI6ImpvaG4iLCJpYXQiOjE2MDI5Mzk4OTAsImV4cCI6MTYwMjk2MTQ5MH0.2JaTqIK9OR3B3h8oa0nCzeD0JPAIJEL-U5FknHX_gXM%22 HTTP/1.1" 401 72 "-" "PostmanRuntime/7.26.5"
::1 - - [17/Oct/2020:13:42:55 +0000] "PATCH /api/patch-object HTTP/1.1" 401 72 "-" "PostmanRuntime/7.26.5"
::1 - - [17/Oct/2020:13:43:35 +0000] "PATCH /api/patch-object HTTP/1.1" 401 72 "-" "PostmanRuntime/7.26.5"
::1 - - [17/Oct/2020:13:44:00 +0000] "POST /api/users/login HTTP/1.1" 200 196 "-" "PostmanRuntime/7.26.5"
::1 - - [17/Oct/2020:13:44:20 +0000] "PATCH /api/patch-object HTTP/1.1" 401 72 "-" "PostmanRuntime/7.26.5"
::1 - - [17/Oct/2020:13:45:33 +0000] "PATCH /api/patch-object HTTP/1.1" 401 72 "-" "PostmanRuntime/7.26.5"
::1 - - [17/Oct/2020:13:51:13 +0000] "PATCH /api/patch-object HTTP/1.1" 403 49 "-" "PostmanRuntime/7.26.5"
::1 - - [17/Oct/2020:13:51:23 +0000] "PATCH /api/patch-object HTTP/1.1" 403 49 "-" "PostmanRuntime/7.26.5"
::1 - - [17/Oct/2020:13:54:12 +0000] "PATCH /api/patch-object HTTP/1.1" 403 49 "-" "PostmanRuntime/7.26.5"
::1 - - [17/Oct/2020:13:54:21 +0000] "POST /api/users/login HTTP/1.1" 200 196 "-" "PostmanRuntime/7.26.5"
::1 - - [17/Oct/2020:13:54:46 +0000] "POST /api/users/login HTTP/1.1" 400 89 "-" "PostmanRuntime/7.26.5"
::1 - - [17/Oct/2020:13:55:11 +0000] "POST /api/users/login HTTP/1.1" 200 196 "-" "PostmanRuntime/7.26.5"
::1 - - [17/Oct/2020:13:55:53 +0000] "PATCH /api/patch-object HTTP/1.1" 401 72 "-" "PostmanRuntime/7.26.5"
::1 - - [17/Oct/2020:13:57:43 +0000] "POST /api/users/login HTTP/1.1" 200 196 "-" "PostmanRuntime/7.26.5"
::1 - - [17/Oct/2020:14:00:23 +0000] "PATCH /api/patch-object HTTP/1.1" 401 72 "-" "PostmanRuntime/7.26.5"
::1 - - [17/Oct/2020:14:04:09 +0000] "PATCH /api/patch-object HTTP/1.1" 401 72 "-" "PostmanRuntime/7.26.5"
::ffff:127.0.0.1 - - [17/Oct/2020:14:12:06 +0000] "POST /api/users/login HTTP/1.1" 400 111 "-" "node-superagent/3.8.3"
::ffff:127.0.0.1 - - [17/Oct/2020:14:12:06 +0000] "POST /api/users/login HTTP/1.1" 200 203 "-" "node-superagent/3.8.3"
::ffff:127.0.0.1 - - [17/Oct/2020:14:12:06 +0000] "PATCH /api/patch-object HTTP/1.1" 200 72 "-" "node-superagent/3.8.3"
::ffff:127.0.0.1 - - [17/Oct/2020:14:12:06 +0000] "PATCH /api/patch-object HTTP/1.1" 401 72 "-" "node-superagent/3.8.3"
::ffff:127.0.0.1 - - [17/Oct/2020:14:12:06 +0000] "PATCH /api/patch-object HTTP/1.1" 403 49 "-" "node-superagent/3.8.3"
::1 - - [17/Oct/2020:14:35:30 +0000] "PATCH /api/patch-object HTTP/1.1" 401 72 "-" "PostmanRuntime/7.26.5"
::1 - - [17/Oct/2020:14:35:58 +0000] "POST /api/users/login HTTP/1.1" 400 166 "-" "PostmanRuntime/7.26.5"
::1 - - [17/Oct/2020:14:36:38 +0000] "POST /api/users/login HTTP/1.1" 200 196 "-" "PostmanRuntime/7.26.5"
::1 - - [17/Oct/2020:14:45:30 +0000] "PATCH /api/patch-object HTTP/1.1" 401 72 "-" "PostmanRuntime/7.26.5"
::1 - - [17/Oct/2020:14:48:37 +0000] "POST /api/users/login HTTP/1.1" 200 196 "-" "PostmanRuntime/7.26.5"
::1 - - [17/Oct/2020:14:49:58 +0000] "POST /api/users/login HTTP/1.1" 200 196 "-" "PostmanRuntime/7.26.5"
::1 - - [17/Oct/2020:14:53:14 +0000] "PATCH /api/patch-object HTTP/1.1" 401 72 "-" "PostmanRuntime/7.26.5"
::1 - - [17/Oct/2020:14:54:04 +0000] "PATCH /api/patch-object HTTP/1.1" 401 72 "-" "PostmanRuntime/7.26.5"
::1 - - [17/Oct/2020:14:57:01 +0000] "PATCH /api/patch-object HTTP/1.1" 401 72 "-" "PostmanRuntime/7.26.5"
::1 - - [17/Oct/2020:14:58:55 +0000] "PATCH /api/patch-object HTTP/1.1" 401 72 "-" "PostmanRuntime/7.26.5"
::1 - - [17/Oct/2020:14:59:36 +0000] "PATCH /api/patch-object HTTP/1.1" 401 72 "-" "PostmanRuntime/7.26.5"
::1 - - [17/Oct/2020:15:00:44 +0000] "POST /api/users/login HTTP/1.1" 200 196 "-" "PostmanRuntime/7.26.5"
::1 - - [17/Oct/2020:15:01:04 +0000] "POST /api/users/login HTTP/1.1" 200 196 "-" "PostmanRuntime/7.26.5"
::1 - - [17/Oct/2020:15:01:47 +0000] "PATCH /api/patch-object HTTP/1.1" 401 72 "-" "PostmanRuntime/7.26.5"
::1 - - [17/Oct/2020:15:02:44 +0000] "PATCH /api/login HTTP/1.1" - - "-" "PostmanRuntime/7.26.5"
::1 - - [17/Oct/2020:15:03:11 +0000] "PATCH /api/user/login HTTP/1.1" - - "-" "PostmanRuntime/7.26.5"
::1 - - [17/Oct/2020:15:03:25 +0000] "PATCH /api/user/login HTTP/1.1" - - "-" "PostmanRuntime/7.26.5"
::1 - - [17/Oct/2020:15:03:49 +0000] "POST /api/user/login HTTP/1.1" - - "-" "PostmanRuntime/7.26.5"
::1 - - [17/Oct/2020:15:03:53 +0000] "POST /api/users/login HTTP/1.1" 400 166 "-" "PostmanRuntime/7.26.5"
::1 - - [17/Oct/2020:15:07:00 +0000] "PATCH /api/patch_object HTTP/1.1" - - "-" "PostmanRuntime/7.26.5"
::1 - - [17/Oct/2020:15:09:46 +0000] "PATCH /api/patch_object HTTP/1.1" - - "-" "PostmanRuntime/7.26.5"
::1 - - [17/Oct/2020:15:15:35 +0000] "PATCH /api/patch_object HTTP/1.1" - - "-" "PostmanRuntime/7.26.5"
::1 - - [17/Oct/2020:15:30:39 +0000] "POST /api/users/login HTTP/1.1" 200 196 "-" "PostmanRuntime/7.26.5"
::1 - - [17/Oct/2020:15:33:22 +0000] "PATCH /api/patch_object HTTP/1.1" - - "-" "PostmanRuntime/7.26.5"
::1 - - [17/Oct/2020:15:35:56 +0000] "PATCH /api/patch_object HTTP/1.1" - - "-" "PostmanRuntime/7.26.5"
::1 - - [17/Oct/2020:15:40:03 +0000] "PATCH /api/patch_object HTTP/1.1" - - "-" "PostmanRuntime/7.26.5"
::1 - - [17/Oct/2020:15:45:11 +0000] "PATCH /api/patch_object HTTP/1.1" - - "-" "PostmanRuntime/7.26.5"
::1 - - [17/Oct/2020:15:54:36 +0000] "PATCH /api/patch_object HTTP/1.1" - - "-" "PostmanRuntime/7.26.5"
::1 - - [17/Oct/2020:15:55:16 +0000] "PATCH /api/patch_object HTTP/1.1" - - "-" "PostmanRuntime/7.26.5"
::1 - - [17/Oct/2020:15:57:56 +0000] "PATCH /api/patch_object HTTP/1.1" - - "-" "PostmanRuntime/7.26.5"
::1 - - [17/Oct/2020:15:58:15 +0000] "PATCH /api/patch_object HTTP/1.1" - - "-" "PostmanRuntime/7.26.5"
::1 - - [17/Oct/2020:15:59:34 +0000] "PATCH /api/patch_object HTTP/1.1" - - "-" "PostmanRuntime/7.26.5"
::1 - - [17/Oct/2020:16:01:38 +0000] "PATCH /api/patch_object HTTP/1.1" - - "-" "PostmanRuntime/7.26.5"
::1 - - [17/Oct/2020:16:02:07 +0000] "PATCH /api/patch_object HTTP/1.1" - - "-" "PostmanRuntime/7.26.5"
::1 - - [17/Oct/2020:16:03:06 +0000] "PATCH /api/patch_object HTTP/1.1" - - "-" "PostmanRuntime/7.26.5"
::1 - - [18/Oct/2020:03:56:30 +0000] "GET / HTTP/1.1" - - "-" "Mozilla/5.0 (X11; Linux x86_64) AppleWebKit/537.36 (KHTML, like Gecko) Chrome/86.0.4240.75 Safari/537.36"
::1 - - [18/Oct/2020:03:56:50 +0000] "POST /api/users/login HTTP/1.1" 200 196 "-" "PostmanRuntime/7.26.5"
::1 - - [18/Oct/2020:03:58:30 +0000] "GET /login HTTP/1.1" - - "-" "Mozilla/5.0 (X11; Linux x86_64) AppleWebKit/537.36 (KHTML, like Gecko) Chrome/86.0.4240.75 Safari/537.36"
::1 - - [18/Oct/2020:04:07:11 +0000] "POST /api/users/login HTTP/1.1" 200 201 "-" "PostmanRuntime/7.26.5"
::1 - - [18/Oct/2020:04:08:38 +0000] "POST /api/users/login HTTP/1.1" 200 218 "-" "PostmanRuntime/7.26.5"
::1 - - [18/Oct/2020:04:10:21 +0000] "POST /api/users/login HTTP/1.1" 200 218 "-" "PostmanRuntime/7.26.5"
::1 - - [18/Oct/2020:04:11:26 +0000] "POST /api/users/login HTTP/1.1" 200 218 "-" "PostmanRuntime/7.26.5"
::1 - - [18/Oct/2020:04:11:51 +0000] "POST /api/users/login HTTP/1.1" 200 218 "-" "PostmanRuntime/7.26.5"
::1 - - [18/Oct/2020:04:16:27 +0000] "POST /api/users/login HTTP/1.1" 200 218 "-" "PostmanRuntime/7.26.5"
::1 - - [18/Oct/2020:04:16:37 +0000] "PATCH /api/patch_object HTTP/1.1" - - "-" "PostmanRuntime/7.26.5"
::1 - - [18/Oct/2020:04:19:18 +0000] "POST /api/users/login HTTP/1.1" 200 196 "-" "PostmanRuntime/7.26.5"
::1 - - [18/Oct/2020:04:19:41 +0000] "PATCH /api/patch_object HTTP/1.1" - - "-" "PostmanRuntime/7.26.5"
::1 - - [18/Oct/2020:04:20:59 +0000] "PATCH /api/patch_object HTTP/1.1" - - "-" "PostmanRuntime/7.26.5"
::1 - - [18/Oct/2020:04:21:35 +0000] "PATCH /api/patch_object HTTP/1.1" - - "-" "PostmanRuntime/7.26.5"
::1 - - [18/Oct/2020:04:23:37 +0000] "PATCH /api/patch_object HTTP/1.1" - - "-" "PostmanRuntime/7.26.5"
::1 - - [18/Oct/2020:04:29:51 +0000] "PATCH /api/patch_object HTTP/1.1" - - "-" "PostmanRuntime/7.26.5"
::1 - - [18/Oct/2020:04:30:31 +0000] "PATCH /api/patch_object HTTP/1.1" - - "-" "PostmanRuntime/7.26.5"
::1 - - [18/Oct/2020:04:31:03 +0000] "PATCH /api/patch_object HTTP/1.1" - - "-" "PostmanRuntime/7.26.5"
::1 - - [18/Oct/2020:04:32:39 +0000] "PATCH /api/patch_object HTTP/1.1" - - "-" "PostmanRuntime/7.26.5"
::1 - - [18/Oct/2020:04:33:49 +0000] "PATCH /api/patch_object HTTP/1.1" - - "-" "PostmanRuntime/7.26.5"
::1 - - [18/Oct/2020:04:40:03 +0000] "PATCH /api/patch_object HTTP/1.1" - - "-" "PostmanRuntime/7.26.5"
::1 - - [18/Oct/2020:04:40:16 +0000] "PATCH /api/user/patch_object HTTP/1.1" - - "-" "PostmanRuntime/7.26.5"
::1 - - [18/Oct/2020:04:40:28 +0000] "PATCH /api/users/patch_object HTTP/1.1" - - "-" "PostmanRuntime/7.26.5"
::1 - - [18/Oct/2020:04:40:43 +0000] "PATCH /api/patch_object HTTP/1.1" - - "-" "PostmanRuntime/7.26.5"
::1 - - [18/Oct/2020:04:41:02 +0000] "POST /api/patch_object HTTP/1.1" - - "-" "PostmanRuntime/7.26.5"
::1 - - [18/Oct/2020:04:41:16 +0000] "DELETE /api/patch_object HTTP/1.1" - - "-" "PostmanRuntime/7.26.5"
::1 - - [18/Oct/2020:04:45:57 +0000] "PATCH /api/patch_object HTTP/1.1" - - "-" "PostmanRuntime/7.26.5"
::ffff:127.0.0.1 - - [18/Oct/2020:16:38:52 +0000] "GET / HTTP/1.1" - - "-" "Mozilla/5.0 (X11; Ubuntu; Linux x86_64; rv:81.0) Gecko/20100101 Firefox/81.0"
